<?xml version="1.0" encoding="UTF-8"?>
<!-- Generated by org.testng.reporters.JUnitXMLReporter -->
<testsuite ignored="0" hostname="LUK-5CG1196QDG" failures="1" tests="4" name="Default test" time="26.629" errors="0" timestamp="2024-02-06T16:00:01 GMT">
  <testcase classname="io.cucumber.testng.AbstractTestNGCucumberTests" name="runScenario" time="5.666"/>
  <testcase classname="io.cucumber.testng.AbstractTestNGCucumberTests" name="runScenario" time="4.15"/>
  <testcase classname="io.cucumber.testng.AbstractTestNGCucumberTests" name="runScenario" time="4.388">
    <failure type="java.lang.AssertionError" message="Page doen&amp;apos;t navigate to the expected page">
      <![CDATA[java.lang.AssertionError: Page doen't navigate to the expected page
at org.testng.Assert.fail(Assert.java:111)
at Steps.HomePage_Steps.i_navigate_to_the_books_page(HomePage_Steps.java:71)
at âœ½.I navigate to the Books page(file:///C:/Windows/System32/config/systemprofile/eclipse-workspace/Demo_Project/features/Home_Page.feature:20)
]]>
    </failure>
  </testcase> <!-- runScenario -->
  <testcase classname="io.cucumber.testng.AbstractTestNGCucumberTests" name="runScenario" time="11.996"/>
</testsuite> <!-- Default test -->
